restore pop

 ****** Running generation 118 ****** 

Population's average fitness: 2.85373 stdev: 0.39437
Best fitness: 5.82660 - size: (2, 2) - species 2 - id 54918
Average adjusted fitness: 0.273
Mean genetic distance 2.254, standard deviation 0.636
Population of 999 members in 5 species:
   ID   age  size  fitness  adj fit  stag
  ====  ===  ====  =======  =======  ====
     2   72   129      5.8    0.282    51
     5   52   457      4.2    0.267     3
     7   44   124      4.5    0.268     2
    11    6    68      3.6    0.267     0
    12    5   221      5.5    0.280     1
Total extinctions: 0
Generation time: 538.041 sec
Saving checkpoint to neat-checkpoint-118

 ****** Running generation 119 ****** 

Population's average fitness: 2.85601 stdev: 0.41025
Best fitness: 5.60035 - size: (2, 2) - species 12 - id 53511
Average adjusted fitness: 0.293
Mean genetic distance 2.253, standard deviation 0.651
Population of 1000 members in 5 species:
   ID   age  size  fitness  adj fit  stag
  ====  ===  ====  =======  =======  ====
     2   73   118      4.8    0.291    52
     5   53   379      4.2    0.283     4
     7   45   237      4.2    0.293     3
    11    7   106      4.7    0.309     1
    12    6   160      5.6    0.291     2
Total extinctions: 0
Generation time: 539.512 sec (538.776 average)
Saving checkpoint to neat-checkpoint-119

 ****** Running generation 120 ****** 

Population's average fitness: 2.85807 stdev: 0.39090
Best fitness: 5.17386 - size: (2, 2) - species 12 - id 53511

Species 2 with 118 members is stagnated: removing it
Average adjusted fitness: 0.277
Mean genetic distance 2.194, standard deviation 0.693
Population of 1000 members in 4 species:
   ID   age  size  fitness  adj fit  stag
  ====  ===  ====  =======  =======  ====
     5   54   406      4.0    0.257     5
     7   46   264      4.2    0.267     4
    11    8   101      4.9    0.301     2
    12    7   229      5.2    0.284     3
Total extinctions: 0
Generation time: 547.094 sec (541.549 average)
Saving checkpoint to neat-checkpoint-120

 ****** Running generation 121 ****** 

Population's average fitness: 2.87363 stdev: 0.40290
Best fitness: 5.82660 - size: (3, 3) - species 11 - id 1607
Average adjusted fitness: 0.256
Mean genetic distance 2.111, standard deviation 0.662
Population of 999 members in 4 species:
   ID   age  size  fitness  adj fit  stag
  ====  ===  ====  =======  =======  ====
     5   55   365      4.2    0.244     6
     7   47   292      4.1    0.246     5
    11    9   118      5.8    0.278     3
    12    8   224      4.6    0.256     4
Total extinctions: 0
Generation time: 540.792 sec (541.360 average)
Saving checkpoint to neat-checkpoint-121

 ****** Running generation 122 ****** 

Population's average fitness: 2.84725 stdev: 0.38948
Best fitness: 5.38288 - size: (4, 6) - species 5 - id 3831
Average adjusted fitness: 0.258
Mean genetic distance 2.326, standard deviation 0.757
Population of 999 members in 5 species:
   ID   age  size  fitness  adj fit  stag
  ====  ===  ====  =======  =======  ====
     5   56   522      5.4    0.243     0
     7   48   106      4.1    0.236     6
    11   10   114      5.0    0.293     4
    12    9   252      3.9    0.260     5
    13    0     5       --       --     0
Total extinctions: 0
Generation time: 539.810 sec (541.050 average)
Saving checkpoint to neat-checkpoint-122

 ****** Running generation 123 ****** 

Population's average fitness: 2.87596 stdev: 0.39716
Best fitness: 5.60035 - size: (4, 6) - species 5 - id 3831
Average adjusted fitness: 0.265
Mean genetic distance 2.482, standard deviation 0.819
Population of 999 members in 5 species:
   ID   age  size  fitness  adj fit  stag
  ====  ===  ====  =======  =======  ====
     5   57   502      5.6    0.265     0
     7   49    93      4.3    0.255     7
    11   11    73      5.2    0.289     5
    12   10   249      4.1    0.266     6
    13    1    82      3.0    0.250     0
Total extinctions: 0
Generation time: 539.967 sec (540.869 average)
Saving checkpoint to neat-checkpoint-123

 ****** Running generation 124 ****** 

Population's average fitness: 2.85172 stdev: 0.39665
Best fitness: 4.97295 - size: (6, 6) - species 7 - id 4266
Average adjusted fitness: 0.341
Mean genetic distance 2.529, standard deviation 0.838
Population of 999 members in 5 species:
   ID   age  size  fitness  adj fit  stag
  ====  ===  ====  =======  =======  ====
     5   58   561      4.8    0.329     1
     7   50     9      5.0    0.317     8
    11   12    76      5.0    0.363     6
    12   11   234      4.6    0.347     7
    13    2   119      4.1    0.350     0
Total extinctions: 0
Generation time: 539.921 sec (540.734 average)
Saving checkpoint to neat-checkpoint-124

 ****** Running generation 125 ****** 

Population's average fitness: 2.88193 stdev: 0.40045
Best fitness: 5.82660 - size: (4, 6) - species 5 - id 3831
Average adjusted fitness: 0.252
Mean genetic distance 2.560, standard deviation 0.890
Population of 1000 members in 5 species:
   ID   age  size  fitness  adj fit  stag
  ====  ===  ====  =======  =======  ====
     5   59   514      5.8    0.247     0
     7   51    50      3.1    0.230     9
    11   13    97      5.2    0.268     7
    12   12   213      5.3    0.264     8
    13    3   126      3.5    0.253     1
Total extinctions: 0
Generation time: 545.866 sec (541.375 average)
Saving checkpoint to neat-checkpoint-125

 ****** Running generation 126 ****** 

Population's average fitness: 2.85842 stdev: 0.39616
Best fitness: 5.82660 - size: (4, 6) - species 5 - id 3831
Average adjusted fitness: 0.246
Mean genetic distance 2.522, standard deviation 0.845
Population of 999 members in 6 species:
   ID   age  size  fitness  adj fit  stag
  ====  ===  ====  =======  =======  ====
     5   60   453      5.8    0.228     1
     7   52   116      4.0    0.236    10
    11   14    78      4.8    0.280     8
    12   13   227      5.0    0.256     9
    13    4   123      4.0    0.233     2
    14    0     2       --       --     0
Total extinctions: 0
Generation time: 546.011 sec (541.890 average)
Saving checkpoint to neat-checkpoint-126

 ****** Running generation 127 ****** 

Population's average fitness: 2.88204 stdev: 0.39172
Best fitness: 5.60035 - size: (4, 6) - species 5 - id 3831
Average adjusted fitness: 0.249
Mean genetic distance 2.608, standard deviation 0.870
Population of 1000 members in 6 species:
   ID   age  size  fitness  adj fit  stag
  ====  ===  ====  =======  =======  ====
     5   61   470      5.6    0.245     2
     7   53    68      3.6    0.235    11
    11   15    30      4.8    0.291     9
    12   14   233      4.9    0.267    10
    13    5   110      4.1    0.253     3
    14    1    89      2.9    0.202     0
Total extinctions: 0
Generation time: 546.554 sec (542.357 average)
Saving checkpoint to neat-checkpoint-127

 ****** Running generation 128 ****** 

Population's average fitness: 2.85889 stdev: 0.37934
Best fitness: 5.38288 - size: (2, 2) - species 12 - id 6708
Average adjusted fitness: 0.324
Mean genetic distance 2.699, standard deviation 0.930
Population of 1000 members in 6 species:
   ID   age  size  fitness  adj fit  stag
  ====  ===  ====  =======  =======  ====
     5   62   484      4.5    0.308     3
     7   54    62      3.7    0.306    12
    11   16   103      4.3    0.350    10
    12   15   145      5.4    0.343    11
    13    6   109      4.2    0.327     0
    14    2    97      3.8    0.310     0
Total extinctions: 0
Generation time: 545.435 sec (543.096 average)
Saving checkpoint to neat-checkpoint-128

 ****** Running generation 129 ****** 

Population's average fitness: 2.84939 stdev: 0.38166
Best fitness: 5.38288 - size: (4, 6) - species 5 - id 3831
Average adjusted fitness: 0.249
Mean genetic distance 2.711, standard deviation 0.909
Population of 1000 members in 6 species:
   ID   age  size  fitness  adj fit  stag
  ====  ===  ====  =======  =======  ====
     5   63   442      5.4    0.248     4
     7   55    97      4.2    0.233    13
    11   17   103      4.2    0.264    11
    12   16   154      5.3    0.286    12
    13    7   104      4.1    0.247     1
    14    3   100      3.3    0.218     1