4
4
99
991
991
991
991
991
991
991
991
991
991
991
991
991
991
991
991
991
991
991
991
991
991
991
991
991
991
991
991
991
991
991
991
991
991
991
991
991
991
991
991
991
991
991
991
991
991
991
991
991
991
991
991
991
991
991
991
991
991
991
991
991
991
991
991
5
Generation 0 finished. 
             Best fitness (genepool[0]) was 51. 
             Best fitness (scoreMax) was 51. 
             Mean fitness was -2.40625. 
            
4
99
991
991
991
991
991
991
991
991
991
991
991
991
991
991
991
991
991
991
991
991
991
991
991
991
991
991
991
991
991
991
991
991
991
991
991
991
991
991
991
991
991
991
991
991
991
991
991
991
991
991
991
991
991
991
991
991
991
991
991
991
991
991
991
991
5
Generation 1 finished. 
             Best fitness (genepool[0]) was 50. 
             Best fitness (scoreMax) was 50. 
             Mean fitness was 3.15625. 
            
4
99
991
991
991
991
991
991
991
991
991
991
991
991
991
991
991
991
991
991
991
991
991
991
991
991
991
991
991
991
991
991
991
991
991
991
991
991
991
991
991
991
991
991
991
991
991
991
991
991
991
991
991
991
991
991
991
991
991
991
991
991
991
991
991
991
5
Generation 2 finished. 
             Best fitness (genepool[0]) was 72. 
             Best fitness (scoreMax) was 72. 
             Mean fitness was 10.328125. 
            
4
99
991
991
991
991
991
991
991
991
991
991
991
991
991
991
991
991
991
991
991
991
991
991
991
991
991
991
991
991
991
991
991
991
991
991
991
991
991
991
991
991
991
991
991
991
991
991
991
991
991
991
991
991
991
991
991
991
991
991
991
991
991
991
991
991
5
Generation 3 finished. 
             Best fitness (genepool[0]) was 67. 
             Best fitness (scoreMax) was 67. 
             Mean fitness was 19.8125. 
            
4
99
991
991
991
991
991
991
991
991
991
991
991
991
991
991
991
991
991
991
991
991
991
991
991
991
991
991
991
991
991
991
991
991
991
991
991
991
991
991
991
991
991
991
991
991
991
991
991
991
991
991
991
991
991
991
991
991
991
991
991
991
991
991
991
991
5
Generation 4 finished. 
             Best fitness (genepool[0]) was 66. 
             Best fitness (scoreMax) was 66. 
             Mean fitness was 25.59375. 
            
4
99
991
991
991
991
991
991
991
991
991
991
991
991
991
991
991
991
991
991
991
991
991
991
991
991
991
991
991
991
991
991
991
991
991
991
991
991
991
991
991
991
991
991
991
991
991
991
991
991
991
991
991
991
991
991
991
991
991
991
991
991
991
991
991
991
5
Generation 5 finished. 
             Best fitness (genepool[0]) was 72. 
             Best fitness (scoreMax) was 72. 
             Mean fitness was 32.09375. 
            
4
99
991
991
991
991
991
991
991
991
991
991
991
991
991
991
991
991
991
991
991
991
991
991
991
991
991
991
991
991
991
991
991
991
991
991
991
991
991
991
991
991
991
991
991
991
991
991
991
991
991
991
991
991
991
991
991
991
991
991
991
991
991
991
991
991
5
Generation 6 finished. 
             Best fitness (genepool[0]) was 66. 
             Best fitness (scoreMax) was 66. 
             Mean fitness was 40.78125. 
            
4
99
991
991
991
991
991
991
991
991
991
991
991
991
991
991
991
991
991
991
991
991
991
991
991
991
991
991
991
991
991
991
991
991
991
991
991
991
991
991
991
991
991
991
991
991
991
991
991
991
991
991
991
991
991
991
991
991
991
991
991
991
991
991
991
991
5
Generation 7 finished. 
             Best fitness (genepool[0]) was 72. 
             Best fitness (scoreMax) was 72. 
             Mean fitness was 42.21875. 
            
4
99
991
991
991
991
991
991
991
991
991
991
991
991
991
991
991
991
991
991
991
991
991
991
991
991
991
991
991
991
991
991
991
991
991
991
991
991
991
991
991
991
991
991
991
991
991
991
991
991
991
991
991
991
991
991
991
991
991
991
991
991
991
991
991
991
5
Generation 8 finished. 
             Best fitness (genepool[0]) was 64. 
             Best fitness (scoreMax) was 64. 
             Mean fitness was 44.40625. 
            
4
99
991
991
991
991
991
991
991
991
991
991
991
991
991
991
991
991
991
991
991
991
991
991
991
991
991
991
991
991
991
991
991
991
991
991
991
991
991
991
991
991
991
991
991
991
991
991
991
991
991
991
991
991
991
991
991
991
991
991
991
991
991
991
991
991
5
Generation 9 finished. 
             Best fitness (genepool[0]) was 66. 
             Best fitness (scoreMax) was 66. 
             Mean fitness was 43.21875. 
            
4
99
991
991
991
991
991
991
991
991
991
991
991
991
991
991
991
991
991
991
991
991
991
991
991
991
991
991
991
991
991
991
991
991
991
991
991
991
991
991
991
991
991
991
991
991
991
991
991
991
991
991
991
991
991
991
991
991
991
991
991
991
991
991
991
991
5
Generation 10 finished. 
             Best fitness (genepool[0]) was 66. 
             Best fitness (scoreMax) was 66. 
             Mean fitness was 42.796875. 
            
4
99
991
991
991
991
991
991
991
991
991
991
991
991
991
991
991
991
991
991
991
991
991
991
991
991
991
991
991
991
991
991
991
991
991
991
991
991
991
991
991
991
991
991
991
991
991
991
991
991
991
991
991
991
991
991
991
991
991
991
991
991
991
991
991
991
5
Generation 11 finished. 
             Best fitness (genepool[0]) was 62. 
             Best fitness (scoreMax) was 62. 
             Mean fitness was 42.65625. 
            
4
99
991
991
991
991
991
991
991
991
991
991
991
991
991
991
991
991
991
991
991
991
991
991
991
991
991
991
991
991
991
991
991
991
991
991
991
991
991
991
991
991
991
991
991
991
991
991
991
991
991
991
991
991
991
991
991
991
991
991
991
991
991
991
991
991
5
Generation 12 finished. 
             Best fitness (genepool[0]) was 64. 
             Best fitness (scoreMax) was 64. 
             Mean fitness was 43.265625. 
            
4
99
991
991
991
991
991
991
991
991
991
991
991
991
991
991
991
991
991
991
991
991
991
991
991
991
991
991
991
991
991
991
991
991
991
991
991
991
991
991
991
991
991
991
991
991
991
991
991
991
991
991
991
991
991
991
991
991
991
991
991
991
991
991
991
991
5
Generation 13 finished. 
             Best fitness (genepool[0]) was 62. 
             Best fitness (scoreMax) was 62. 
             Mean fitness was 40.75. 
            
4
99
991
991
991
991
991
991
991
991
991
991
991
991
991
991
991
991
991
991
991
991
991
991
991
991
991
991
991
991
991
991
991
991
991
991
991
991
991
991
991
991
991
991
991
991
991
991
991
991
991
991
991
991
991
991
991
991
991
991
991
991
991
991
991
991
5
Generation 14 finished. 
             Best fitness (genepool[0]) was 76. 
             Best fitness (scoreMax) was 76. 
             Mean fitness was 43.203125. 
            
4
99
991
991
991
991
991
991
991
991
991
991
991
991
991
991
991
991
991
991
991
991
991
991
991
991
991
991
991
991
991
991
991
991
991
991
991
991
991
991
991
991
991
991
991
991
991
991
991
991
991
991
991
991
991
991
991
991
991
991
991
991
991
991
991
991
5
Generation 15 finished. 
             Best fitness (genepool[0]) was 74. 
             Best fitness (scoreMax) was 74. 
             Mean fitness was 41.796875. 
            
4
99
991
991
991
991
991
991
991
991
991
991
991
991
991
991
991
991
991
991
991
991
991
991
991
991
991
991
991
991
991
991
991
991
991
991
991
991
991
991
991
991
991
991
991
991
991
991
991
991
991
991
991
991
991
991
991
991
991
991
991
991
991
991
991
991
5
Generation 16 finished. 
             Best fitness (genepool[0]) was 68. 
             Best fitness (scoreMax) was 68. 
             Mean fitness was 42.15625. 
            
4
99
991
991
991
991
991
991
991
991
991
991
991
991
991
991
991
991
991
991
991
991
991
991
991
991
991
991
991
991
991
991
991
991
991
991
991
991
991
991
991
991
991
991
991
991
991
991
991
991
991
991
991
991
991
991
991
991
991
991
991
991
991
991
991
991
5
Generation 17 finished. 
             Best fitness (genepool[0]) was 66. 
             Best fitness (scoreMax) was 66. 
             Mean fitness was 42.421875. 
            
4
99
991
991
991
991
991
991
991
991
991
991
991
991
991
991
991
991
991
991
991
991
991
991
991
991
991
991
991
991
991
991
991
991
991
991
991
991
991
991
991
991
991
991
991
991
991
991
991
991
991
991
991
991
991
991
991
991
991
991
991
991
991
991
991
991
5
Generation 18 finished. 
             Best fitness (genepool[0]) was 66. 
             Best fitness (scoreMax) was 66. 
             Mean fitness was 41.84375. 
            
4
99
991
991
991
991
991
991
991
991
991
991
991
991
991
991
991
991
991
991
991
991
991
991
991
991
991
991
991
991
991
991
991
991
991
991
991
991
991
991
991
991
991
991
991
991
991
991
991
991
991
991
991
991
991
991
991
991
991
991
991
991
991
991
991
991
5
Generation 19 finished. 
             Best fitness (genepool[0]) was 64. 
             Best fitness (scoreMax) was 64. 
             Mean fitness was 42.75. 
            
4
99
991
991
991
991
991
991
991
991
991
991
991
991
991
991
991
991
991
991
991
991
991
991
991
991
991
991
991
991
991
991
991
991
991
991
991
991
991
991
991
991
991
991
991
991
991
991
991
991
991
991
991
991
991
991
991
991
991
991
991
991
991
991
991
991
5
Generation 20 finished. 
             Best fitness (genepool[0]) was 72. 
             Best fitness (scoreMax) was 72. 
             Mean fitness was 44.75. 
            
4
99
991
991
991
991
991
991
991
991
991
991
991
991
991
991
991
991
991
991
991
991
991
991
991
991
991
991
991
991
991
991
991
991
991
991
991
991
991
991
991
991
991
991
991
991
991
991
991
991
991
991
991
991
991
991
991
991
991
991
991
991
991
991
991
991
5
Generation 21 finished. 
             Best fitness (genepool[0]) was 64. 
             Best fitness (scoreMax) was 64. 
             Mean fitness was 43.609375. 
            
4
99
991
991
991
991
991
991
991
991
991
991
991
991
991
991
991
991
991
991
991
991
991
991
991
991
991
991
991
991
991
991
991
991
991
991
991
991
991
991
991
991
991
991
991
991
991
991
991
991
991
991
991
991
991
991
991
991
991
991
991
991
991
991
991
991
5
Generation 22 finished. 
             Best fitness (genepool[0]) was 67. 
             Best fitness (scoreMax) was 67. 
             Mean fitness was 41.265625. 
            
4
99
991
991
991
991
991
991
991
991
991
991
991
991
991
991
991
991
991
991
991
991
991
991
991
991
991
991
991
991
991
991
991
991
991
991
991
991
991
991
991
991
991
991
991
991
991
991
991
991
991
991
991
991
991
991
991
991
991
991
991
991
991
991
991
991
5
Generation 23 finished. 
             Best fitness (genepool[0]) was 62. 
             Best fitness (scoreMax) was 62. 
             Mean fitness was 42.078125. 
            
4
99
991
991
991
991
991
991
991
991
991
991
991
991
991
991
991
991
991
991
991
991
991
991
991
991
991
991
991
991
991
991
991
991
991
991
991
991
991
991
991
991
991
991
991
991
991
991
991
991
991
991
991
991
991
991
991
991
991
991
991
991
991
991
991
991
5
Generation 24 finished. 
             Best fitness (genepool[0]) was 76. 
             Best fitness (scoreMax) was 76. 
             Mean fitness was 44.140625. 
            
4
99
991
991
991
991
991
991
991
991
991
991
991
991
991
991
991
991
991
991
991
991
991
991
991
991
991
991
991
991
991
991
991
991
991
991
991
991
991
991
991
991
991
991
991
991
991
991
991
991
991
991
991
991
991
991
991
991
991
991
991
991
991
991
991
991
5
Generation 25 finished. 
             Best fitness (genepool[0]) was 64. 
             Best fitness (scoreMax) was 64. 
             Mean fitness was 43.140625. 
            
4
99
991
991
991
991
991
991
991
991
991
991
991
991
991
991
991
991
991
991
991
991
991
991
991
991
991
991
991
991
991
991
991
991
991
991
991
991
991
991
991
991
991
991
991
991
991
991
991
991
991
991
991
991
991
991
991
991
991
991
991
991
991
991
991
991
5
Generation 26 finished. 
             Best fitness (genepool[0]) was 66. 
             Best fitness (scoreMax) was 66. 
             Mean fitness was 42.328125. 
            
4
99
991
991
991
991
991
991
991
991
991
991
991
991
991
991
991
991
991
991
991
991
991
991
991
991
991
991
991
991
991
991
991
991
991
991
991
991
991
991
991
991
991
991
991
991
991
991
991
991
991
991
991
991
991
991
991
991
991
991
991
991
991
991
991
991
5
Generation 27 finished. 
             Best fitness (genepool[0]) was 74. 
             Best fitness (scoreMax) was 74. 
             Mean fitness was 43.34375. 
            
4
99
991
991
991
991
991
991
991
991
991
991
991
991
991
991
991
991
991
991
991
991
991
991
991
991
991
991
991
991
991
991
991
991
991
991
991
991
991
991
991
991
991
991
991
991
991
991
991
991
991
991
991
991
991
991
991
991
991
991
991
991
991
991
991
991
5
Generation 28 finished. 
             Best fitness (genepool[0]) was 66. 
             Best fitness (scoreMax) was 66. 
             Mean fitness was 41.546875. 
            
4
99
991
991
991
991
991
991
991
991
991
991
991
991
991
991
991
991
991
991
991
991
991
991
991
991
991
991
991
991
991
991
991
991
991
991
991
991
991
991
991
991
991
991
991
991
991
991
991
991
991
991
991
991
991
991
991
991
991
991
991
991
991
991
991
991
5
Generation 29 finished. 
             Best fitness (genepool[0]) was 62. 
             Best fitness (scoreMax) was 62. 
             Mean fitness was 42.109375. 
            
4
99
991
991
991
991
991
991
991
991
991
991
991
991
991
991
991
991
991
991
991
991
991
991
991
991
991
991
991
991
991
991
991
991
991
991
991
991
991
991
991
991
991
991
991
991
991
991
991
991
991
991
991
991
991
991
991
991
991
991
991
991
991
991
991
991
5
Generation 30 finished. 
             Best fitness (genepool[0]) was 79. 
             Best fitness (scoreMax) was 79. 
             Mean fitness was 43.671875. 
            
4
99
991
991
991
991
991
991
991
991
991
991
991
991
991
991
991
991
991
991
991
991
991
991
991
991
991
991
991
991
991
991
991
991
991
991
991
991
991
991
991
991
991
991
991
991
991
991
991
991
991
991
991
991
991
991
991
991
991
991
991
991
991
991
991
991
5
Generation 31 finished. 
             Best fitness (genepool[0]) was 66. 
             Best fitness (scoreMax) was 66. 
             Mean fitness was 41.5625. 
            
4
99
991
991
991
991
991
991
991
991
991
991
991
991
991
991
991
991
991
991
991
991
991
991
991
991
991
991
991
991
991
991
991
991
991
991
991
991
991
991
991
991
991
991
991
991
991
991
991
991
991
991
991
991
991
991
991
991
991
991
991
991
991
991
991
991
5
Generation 32 finished. 
             Best fitness (genepool[0]) was 66. 
             Best fitness (scoreMax) was 66. 
             Mean fitness was 42.375. 
            
4
99
991
991
991
991
991
991
991
991
991
991
991
991
991
991
991
991
991
991
991
991
991
991
991
991
991
991
991
991
991
991
991
991
991
991
991
991
991
991
991
991
991
991
991
991
991
991
991
991
991
991
991
991
991
991
991
991
991
991
991
991
991
991
991
991
5
Generation 33 finished. 
             Best fitness (genepool[0]) was 64. 
             Best fitness (scoreMax) was 64. 
             Mean fitness was 42.25. 
            
4
99
991
991
991
991
991
991
991
991
991
991
991
991
991
991
991
991
991
991
991
991
991
991
991
991
991
991
991
991
991
991
991
991
991
991
991
991
991
991
991
991
991
991
991
991
991
991
991
991
991
991
991
991
991
991
991
991
991
991
991
991
991
991
991
991
5
Generation 34 finished. 
             Best fitness (genepool[0]) was 64. 
             Best fitness (scoreMax) was 64. 
             Mean fitness was 44.265625. 
            
4
99
991
991
991
991
991
991
991
991
991
991
991
991
991
991
991
991
991
991
991
991
991
991
991
991
991
991
991
991
991
991
991
991
991
991
991
991
991
991
991
991
991
991
991
991
991
991
991
991
991
991
991
991
991
991
991
991
991
991
991
991
991
991
991
991
5
Generation 35 finished. 
             Best fitness (genepool[0]) was 68. 
             Best fitness (scoreMax) was 68. 
             Mean fitness was 42.203125. 
            
4
99
991
991
991
991
991
991
991
991
991
991
991
991
991
991
991
991
991
991
991
991
991
991
991
991
991
991
991
991
991
991
991
991
991
991
991
991
991
991
991
991
991
991
991
991
991
991
991
991
991
991
991
991
991
991
991
991
991
991
991
991
991
991
991
991
5
Generation 36 finished. 
             Best fitness (genepool[0]) was 78. 
             Best fitness (scoreMax) was 78. 
             Mean fitness was 43.9375. 
            
4
99
991
991
991
991
991
991
991
991
991
991
991
991
991
991
991
991
991
991
991
991
991
991
991
991
991
991
991
991
991
991
991
991
991
991
991
991
991
991
991
991
991
991
991
991
991
991
991
991
991
991
991
991
991
991
991
991
991
991
991
991
991
991
991
991
5
Generation 37 finished. 
             Best fitness (genepool[0]) was 74. 
             Best fitness (scoreMax) was 74. 
             Mean fitness was 43.59375. 
            
4
99
991
991
991
991
991
991
991
991
991
991
991
991
991
991
991
991
991
991
991
991
991
991
991
991
991
991
991
991
991
991
991
991
991
991
991
991
991
991
991
991
991
991
991
991
991
991
991
991
991
991
991
991
991
991
991
991
991
991
991
991
991
991
991
991
5
Generation 38 finished. 
             Best fitness (genepool[0]) was 66. 
             Best fitness (scoreMax) was 66. 
             Mean fitness was 43.3125. 
            
4
99
991
991
991
991
991
991
991
991
991
991
991
991
991
991
991
991
991
991
991
991
991
991
991
991
991
991
991
991
991
991
991
991
991
991
991
991
991
991
991
991
991
991
991
991
991
991
991
991
991
991
991
991
991
991
991
991
991
991
991
991
991
991
991
991
5
Generation 39 finished. 
             Best fitness (genepool[0]) was 57. 
             Best fitness (scoreMax) was 57. 
             Mean fitness was 40.109375. 
            
4
99
991
991
991
991
991
991
991
991
991
991
991
991
991
991
991
991
991
991
991
991
991
991
991
991
991
991
991
991
991
991
991
991
991
991
991
991
991
991
991
991
991
991
991
991
991
991
991
991
991
991
991
991
991
991
991
991
991
991
991
991
991
991
991
991
5
Generation 40 finished. 
             Best fitness (genepool[0]) was 63. 
             Best fitness (scoreMax) was 63. 
             Mean fitness was 41.921875. 
            
4
99
991
991
991
991
991
991
991
991
991
991
991
991
991
991
991
991
991
991
991
991
991
991
991
991
991
991
991
991
991
991
991
991
991
991
991
991
991
991
991
991
991
991
991
991
991
991
991
991
991
991
991
991
991
991
991
991
991
991
991
991
991
991
991
991
5
Generation 41 finished. 
             Best fitness (genepool[0]) was 69. 
             Best fitness (scoreMax) was 69. 
             Mean fitness was 43.796875. 
            
4
99
991
991
991
991
991
991
991
991
991
991
991
991
991
991
991
991
991
991
991
991
991
991
991
991
991
991
991
991
991
991
991
991
991
991
991
991
991
991
991
991
991
991
991
991
991
991
991
991
991
991
991
991
991
991
991
991
991
991
991
991
991
991
991
991
5
Generation 42 finished. 
             Best fitness (genepool[0]) was 67. 
             Best fitness (scoreMax) was 67. 
             Mean fitness was 43.578125. 
            
4
99
991
991
991
991
991
991
991
991
991
991
991
991
991
991
991
991
991
991
991
991
991
991
991
991
991
991
991
991
991
991
991
991
991
991
991
991
991
991
991
991
991
991
991
991
991
991
991
991
991
991
991
991
991
991
991
991
991
991
991
991
991
991
991
991
5
Generation 43 finished. 
             Best fitness (genepool[0]) was 64. 
             Best fitness (scoreMax) was 64. 
             Mean fitness was 43.171875. 
            
4
99
991
991
991
991
991
991
991
991
991
991
991
991
991
991
991
991
991
991
991
991
991
991
991
991
991
991
991
991
991
991
991
991
991
991
991
991
991
991
991
991
991
991
991
991
991
991
991
991
991
991
991
991
991
991
991
991
991
991
991
991
991
991
991
991
5
Generation 44 finished. 
             Best fitness (genepool[0]) was 62. 
             Best fitness (scoreMax) was 62. 
             Mean fitness was 44.3125. 
            
4
99
991
991
991
991
991
991
991
991
991
991
991
991
991
991
991
991
991
991
991
991
991
991
991
991
991
991
991
991
991
991
991
991
991
991
991
991
991
991
991
991
991
991
991
991
991
991
991
991
991
991
991
991
991
991
991
991
991
991
991
991
991
991
991
991
5
Generation 45 finished. 
             Best fitness (genepool[0]) was 59. 
             Best fitness (scoreMax) was 59. 
             Mean fitness was 43.359375. 
            
4
99
991
991
991
991
991
991
991
991
991
991
991
991
991
991
991
991
991
991
991
991
991
991
991
991
991
991
991
991
991
991
991
991
991
991
991
991
991
991
991
991
991
991
991
991
991
991
991
991
991
991
991
991
991
991
991
991
991
991
991
991
991
991
991
991
5
Generation 46 finished. 
             Best fitness (genepool[0]) was 60. 
             Best fitness (scoreMax) was 60. 
             Mean fitness was 42.625. 
            
4
99
991
991
991
991
991
991
991
991
991
991
991
991
991
991
991
991
991
991
991
991
991
991
991
991
991
991
991
991
991
991
991
991
991
991
991
991
991
991
991
991
991
991
991
991
991
991
991
991
991
991
991
991
991
991
991
991
991
991
991
991
991
991
991
991
5
Generation 47 finished. 
             Best fitness (genepool[0]) was 64. 
             Best fitness (scoreMax) was 64. 
             Mean fitness was 42.140625. 
            
4
99
991
991
991
991
991
991
991
991
991
991
991
991
991
991
991
991
991
991
991
991
991
991
991
991
991
991
991
991
991
991
991
991
991
991
991
991
991
991
991
991
991
991
991
991
991
991
991
991
991
991
991
991
991
991
991
991
991
991
991
991
991
991
991
991
5
Generation 48 finished. 
             Best fitness (genepool[0]) was 76. 
             Best fitness (scoreMax) was 76. 
             Mean fitness was 43.53125. 
            
4
99
991
991
991
991
991
991
991
991
991
991
991
991
991
991
991
991
991
991
991
991
991
991
991
991
991
991
991
991
991
991
991
991
991
991
991
991
991
991
991
991
991
991
991
991
991
991
991
991
991
991
991
991
991
991
991
991
991
991
991
991
991
991
991
991
5
Generation 49 finished. 
             Best fitness (genepool[0]) was 72. 
             Best fitness (scoreMax) was 72. 
             Mean fitness was 41.8125. 
            
4
99
991
991
991
991
991
991
991
991
991
991
991
991
991
991
991
991
991
991
991
991
991
991
991
991
991
991
991
991
991
991
991
991
991
991
991
991
991
991
991
991
991
991
991
991
991
991
991
991
991
991
991
991
991
991
991
991
991
991
991
991
991
991
991
991
5
Generation 50 finished. 
             Best fitness (genepool[0]) was 64. 
             Best fitness (scoreMax) was 64. 
             Mean fitness was 41.0. 
            
4
99
991
991
991
991
991
991
991
991
991
991
991
991
991
991
991
991
991
991
991
991
991
991
991
991
991
991
991
991
991
991
991
991
991
991
991
991
991
991
991
991
991
991
991
991
991
991
991
991
991
991
991
991
991
991
991
991
991
991
991
991
991
991
991
991
5
Generation 51 finished. 
             Best fitness (genepool[0]) was 66. 
             Best fitness (scoreMax) was 66. 
             Mean fitness was 42.734375. 
            
4
99
991
991
991
991
991
991
991
991
991
991
991
991
991
991
991
991
991
991
991
991
991
991
991
991
991
991
991
991
991
991
991
991
991
991
991
991
991
991
991
991
991
991
991
991
991
991
991
991
991
991
991
991
991
991
991
991
991
991
991
991
991
991
991
991
5
Generation 52 finished. 
             Best fitness (genepool[0]) was 65. 
             Best fitness (scoreMax) was 65. 
             Mean fitness was 43.203125. 
            
4
99
991
991
991
991
991
991
991
991
991
991
991
991
991
991
991
991
991
991
991
991
991
991
991
991
991
991
991
991
991
991
991
991
991
991
991
991
991
991
991
991
991
991
991
991
991
991
991
991
991
991
991
991
991
991
991
991
991
991
991
991
991
991
991
991
5
Generation 53 finished. 
             Best fitness (genepool[0]) was 68. 
             Best fitness (scoreMax) was 68. 
             Mean fitness was 43.140625. 
            
4
99
991
991
991
991
991
991
991
991
991
991
991
991
991
991
991
991
991
991
991
991
991
991
991
991
991
991
991
991
991
991
991
991
991
991
991
991
991
991
991
991
991
991
991
991
991
991
991
991
991
991
991
991
991
991
991
991
991
991
991
991
991
991
991
991
5
Generation 54 finished. 
             Best fitness (genepool[0]) was 66. 
             Best fitness (scoreMax) was 66. 
             Mean fitness was 41.515625. 
            
4
99
991
991
991
991
991
991
991
991
991
991
991
991
991
991
991
991
991
991
991
991
991
991
991
991
991
991
991
991
991
991
991
991
991
991
991
991
991
991
991
991
991
991
991
991
991
991
991
991
991
991
991
991
991
991
991
991
991
991
991
991
991
991
991
991
5
Generation 55 finished. 
             Best fitness (genepool[0]) was 64. 
             Best fitness (scoreMax) was 64. 
             Mean fitness was 44.359375. 
            
4
99
991
991
991
991
991
991
991
991
991
991
991
991
991
991
991
991
991
991
991
991
991
991
991
991
991
991
991
991
991
991
991
991
991
991
991
991
991
991
991
991
991
991
991
991
991
991
991
991
991
991
991
991
991
991
991
991
991
991
991
991
991
991
991
991
5
Generation 56 finished. 
             Best fitness (genepool[0]) was 67. 
             Best fitness (scoreMax) was 67. 
             Mean fitness was 43.25. 
            
4
99
991
991
991
991
991
991
991
991
991
991
991
991
991
991
991
991
991
991
991
991
991
991
991
991
991
991
991
991
991
991
991
991
991
991
991
991
991
991
991
991
991
991
991
991
991
991
991
991
991
991
991
991
991
991
991
991
991
991
991
991
991
991
991
991
5
Generation 57 finished. 
             Best fitness (genepool[0]) was 64. 
             Best fitness (scoreMax) was 64. 
             Mean fitness was 40.90625. 
            
4
99
991
991
991
991
991
991
991
991
991
991
991
991
991
991
991
991
991
991
991
991
991
991
991
991
991
991
991
991
991
991
991
991
991
991
991
991
991
991
991
991
991
991
991
991
991
991
991
991
991
991
991
991
991
991
991
991
991
991
991
991
991
991
991
991
5
Generation 58 finished. 
             Best fitness (genepool[0]) was 63. 
             Best fitness (scoreMax) was 63. 
             Mean fitness was 42.109375. 
            
4
99
991
991
991
991
991
991
991
991
991
991
991
991
991
991
991
991
991
991
991
991
991
991
991
991
991
991
991
991
991
991
991
991
991
991
991
991
991
991
991
991
991
991
991
991
991
991
991
991
991
991
991
991
991
991
991
991
991
991
991
991
991
991
991
991
5
Generation 59 finished. 
             Best fitness (genepool[0]) was 70. 
             Best fitness (scoreMax) was 70. 
             Mean fitness was 42.9375. 
            
4
99
991
991
991
991
991
991
991
991
991
991
991
991
991
991
991
991
991
991
991
991
991
991
991
991
991
991
991
991
991
991
991
991
991
991
991
991
991
991
991
991
991
991
991
991
991
991
991
991
991
991
991
991
991
991
991
991
991
991
991
991
991
991
991
991
5
Generation 60 finished. 
             Best fitness (genepool[0]) was 64. 
             Best fitness (scoreMax) was 64. 
             Mean fitness was 41.515625. 
            
4
99
991
991
991
991
991
991
991
991
991
991
991
991
991
991
991
991
991
991
991
991
991
991
991
991
991
991
991
991
991
991
991
991
991
991
991
991
991
991
991
991
991
991
991
991
991
991
991
991
991
991
991
991
991
991
991
991
991
991
991
991
991
991
991
991
5
Generation 61 finished. 
             Best fitness (genepool[0]) was 70. 
             Best fitness (scoreMax) was 70. 
             Mean fitness was 43.328125. 
            
4
99
991
991
991
991
991
991
991
991
991
991
991
991
991
991
991
991
991
991
991
991
991
991
991
991
991
991
991
991
991
991
991
991
991
991
991
991
991
991
991
991
991
991
991
991
991
991
991
991
991
991
991
991
991
991
991
991
991
991
991
991
991
991
991
991
5
Generation 62 finished. 
             Best fitness (genepool[0]) was 65. 
             Best fitness (scoreMax) was 65. 
             Mean fitness was 43.109375. 
            
4
99
991
991
991
991
991
991
991
991
991
991
991
991
991
991
991
991
991
991
991
991
991
991
991
991
991
991
991
991
991
991
991
991
991
991
991
991
991
991
991
991
991
991
991
991
991
991
991
991
991
991
991
991
991
991
991
991
991
991
991
991
991
991
991
991
5
Generation 63 finished. 
             Best fitness (genepool[0]) was 68. 
             Best fitness (scoreMax) was 68. 
             Mean fitness was 40.578125. 
            
4
99
991
991
991
991
991
991
991
991
991
991
991
991
991
991
991
991
991
991
991
991
991
991
991
991
991
991
991
991
991
991
991
991
991
991
991
991
991
991
991
991
991
991
991
991
991
991
991
991
991
991
991
991
991
991
991
991
991
991
991
991
991
991
991
991
5
Generation 64 finished. 
             Best fitness (genepool[0]) was 64. 
             Best fitness (scoreMax) was 64. 
             Mean fitness was 43.25. 
            
4
99
991
991
991
991
991
991
991
991
991
991
991
991
991
991
991
991
991
991
991
991
991
991
991
991
991
991
991
991
991
991
991
991
991
991
991
991
991
991
991
991
991
991
991
991
991
991
991
991
991
991
991
991
991
991
991
991
991
991
991
991
991
991
991
991
5
Generation 65 finished. 
             Best fitness (genepool[0]) was 74. 
             Best fitness (scoreMax) was 74. 
             Mean fitness was 45.1875. 
            
4
99
991
991
991
991
991
991
991
991
991
991
991
991
991
991
991
991
991
991
991
991
991
991
991
991
991
991
991
991
991
991
991
991
991
991
991
991
991
991
991
991
991
991
991
991
991
991
991
991
991
991
991
991
991
991
991
991
991
991
991
991
991
991
991
991
5
Generation 66 finished. 
             Best fitness (genepool[0]) was 66. 
             Best fitness (scoreMax) was 66. 
             Mean fitness was 43.3125. 
            
4
99
991
991
991
991
991
991
991
991
991
991
991
991
991
991
991
991
991
991
991
991
991
991
991
991
991
991
991
991
991
991
991
991
991
991
991
991
991
991
991
991
991
991
991
991
991
991
991
991
991
991
991
991
991
991
991
991
991
991
991
991
991
991
991
991
5
Generation 67 finished. 
             Best fitness (genepool[0]) was 62. 
             Best fitness (scoreMax) was 62. 
             Mean fitness was 43.953125. 
            
4
99
991
991
991
991
991
991
991
991
991
991
991
991
991
991
991
991
991
991
991
991
991
991
991
991
991
991
991
991
991
991
991
991
991
991
991
991
991
991
991
991
991
991
991
991
991
991
991
991
991
991
991
991
991
991
991
991
991
991
991
991
991
991
991
991
5
Generation 68 finished. 
             Best fitness (genepool[0]) was 70. 
             Best fitness (scoreMax) was 70. 
             Mean fitness was 42.375. 
            
4
99
991
991
991
991
991
991
991
991
991
991
991
991
991
991
991
991
991
991
991
991
991
991
991
991
991
991
991
991
991
991
991
991
991
991
991
991
991
991
991
991
991
991
991
991
991
991
991
991
991
991
991
991
991
991
991
991
991
991
991
991
991
991
991
991
5
Generation 69 finished. 
             Best fitness (genepool[0]) was 74. 
             Best fitness (scoreMax) was 74. 
             Mean fitness was 44.6875. 
            
4
99
991
991
991
991
991
991
991
991
991
991
991
991
991
991
991
991
991
991
991
991
991
991
991
991
991
991
991
991
991
991
991
991
991
991
991
991
991
991
991
991
991
991
991
991
991
991
991
991
991
991
991
991
991
991
991
991
991
991
991
991
991
991
991
991
5
Generation 70 finished. 
             Best fitness (genepool[0]) was 64. 
             Best fitness (scoreMax) was 64. 
             Mean fitness was 41.515625. 
            
4
99
991
991
991
991
991
991
991
991
991
991
991
991
991
991
991
991
991
991
991
991
991
991
991
991
991
991
991
991
991
991
991
991
991
991
991
991
991
991
991
991
991
991
991
991
991
991
991
991
991
991
991
991
991
991
991
991
991
991
991
991
991
991
991
991
5
Generation 71 finished. 
             Best fitness (genepool[0]) was 68. 
             Best fitness (scoreMax) was 68. 
             Mean fitness was 43.15625. 
            
4
99
991
991
991
991
991
991
991
991
991
991
991
991
991
991
991
991
991
991
991
991
991
991
991
991
991
991
991
991
991
991
991
991
991
991
991
991
991
991
991
991
991
991
991
991
991
991
991
991
991
991
991
991
991
991
991
991
991
991
991
991
991
991
991
991
5
Generation 72 finished. 
             Best fitness (genepool[0]) was 60. 
             Best fitness (scoreMax) was 60. 
             Mean fitness was 42.171875. 
            
4
99
991
991
991
991
991
991
991
991
991
991
991
991
991
991
991
991
991
991
991
991
991
991
991
991
991
991
991
991
991
991
991
991
991
991
991
991
991
991
991
991
991
991
991
991
991
991
991
991
991
991
991
991
991
991
991
991
991
991
991
991
991
991
991
991
5
Generation 73 finished. 
             Best fitness (genepool[0]) was 74. 
             Best fitness (scoreMax) was 74. 
             Mean fitness was 41.0. 
            
4
99
991
991
991
991
991
991
991
991
991
991
991
991
991
991
991
991
991
991
991
991
991
991
991
991
991
991
991
991
991
991
991
991
991
991
991
991
991
991
991
991
991
991
991
991
991
991
991
991
991
991
991
991
991
991
991
991
991
991
991
991
991
991
991
991
5
Generation 74 finished. 
             Best fitness (genepool[0]) was 68. 
             Best fitness (scoreMax) was 68. 
             Mean fitness was 42.625. 
            
4
99
991
991
991
991
991
991
991
991
991
991
991
991
991
991
991
991
991
991
991
991
991
991
991
991
991
991
991
991
991
991
991
991
991
991
991
991
991
991
991
991
991
991
991
991
991
991
991
991
991
991
991
991
991
991
991
991
991
991
991
991
991
991
991
991
5
Generation 75 finished. 
             Best fitness (genepool[0]) was 66. 
             Best fitness (scoreMax) was 66. 
             Mean fitness was 42.625. 
            
4
99
991
991
991
991
991
991
991
991
991
991
991
991
991
991
991
991
991
991
991
991
991
991
991
991
991
991
991
991
991
991
991
991
991
991
991
991
991
991
991
991
991
991
991
991
991
991
991
991
991
991
991
991
991
991
991
991
991
991
991
991
991
991
991
991
5
Generation 76 finished. 
             Best fitness (genepool[0]) was 63. 
             Best fitness (scoreMax) was 63. 
             Mean fitness was 43.8125. 
            
4
99
991
991
991
991
991
991
991
991
991
991
991
991
991
991
991
991
991
991
991
991
991
991
991
991
991
991
991
991
991
991
991
991
991
991
991
991
991
991
991
991
991
991
991
991
991
991
991
991
991
991
991
991
991
991
991
991
991
991
991
991
991
991
991
991
5
Generation 77 finished. 
             Best fitness (genepool[0]) was 62. 
             Best fitness (scoreMax) was 62. 
             Mean fitness was 41.765625. 
            
4
99
991
991
991
991
991
991
991
991
991
991
991
991
991
991
991
991
991
991
991
991
991
991
991
991
991
991
991
991
991
991
991
991
991
991
991
991
991
991
991
991
991
991
991
991
991
991
991
991
991
991
991
991
991
991
991
991
991
991
991
991
991
991
991
991
5
Generation 78 finished. 
             Best fitness (genepool[0]) was 62. 
             Best fitness (scoreMax) was 62. 
             Mean fitness was 43.078125. 
            
4
99
991
991
991
991
991
991
991
991
991
991
991
991
991
991
991
991
991
991
991
991
991
991
991
991
991
991
991
991
991
991
991
991
991
991
991
991
991
991
991
991
991
991
991
991
991
991
991
991
991
991
991
991
991
991
991
991
991
991
991
991
991
991
991
991
5
Generation 79 finished. 
             Best fitness (genepool[0]) was 62. 
             Best fitness (scoreMax) was 62. 
             Mean fitness was 40.71875. 
            
4
99
991
991
991
991
991
991
991
991
991
991
991
991
991
991
991
991
991
991
991
991
991
991
991
991
991
991
991
991
991
991
991
991
991
991
991
991
991
991
991
991
991
991
991
991
991
991
991
991
991
991
991
991
991
991
991
991
991
991
991
991
991
991
991
991
5
Generation 80 finished. 
             Best fitness (genepool[0]) was 70. 
             Best fitness (scoreMax) was 70. 
             Mean fitness was 45.296875. 
            
4
99
991
991
991
991
991
991
991
991
991
991
991
991
991
991
991
991
991
991
991
991
991
991
991
991
991
991
991
991
991
991
991
991
991
991
991
991
991
991
991
991
991
991
991
991
991
991
991
991
991
991
991
991
991
991
991
991
991
991
991
991
991
991
991
991
5
Generation 81 finished. 
             Best fitness (genepool[0]) was 64. 
             Best fitness (scoreMax) was 64. 
             Mean fitness was 42.25. 
            
4
99
991
991
991
991
991
991
991
991
991
991
991
991
991
991
991
991
991
991
991
991
991
991
991
991
991
991
991
991
991
991
991
991
991
991
991
991
991
991
991
991
991
991
991
991
991
991
991
991
991
991
991
991
991
991
991
991
991
991
991
991
991
991
991
991
5
Generation 82 finished. 
             Best fitness (genepool[0]) was 57. 
             Best fitness (scoreMax) was 57. 
             Mean fitness was 42.140625. 
            
4
99
991
991
991
991
991
991
991
991
991
991
991
991
991
991
991
991
991
991
991
991
991
991
991
991
991
991
991
991
991
991
991
991
991
991
991
991
991
991
991
991
991
991
991
991
991
991
991
991
991
991
991
991
991
991
991
991
991
991
991
991
991
991
991
991
5
Generation 83 finished. 
             Best fitness (genepool[0]) was 58. 
             Best fitness (scoreMax) was 58. 
             Mean fitness was 42.0625. 
            
4
99
991
991
991
991
991
991
991
991
991
991
991
991
991
991
991
991
991
991
991
991
991
991
991
991
991
991
991
991
991
991
991
991
991
991
991
991
991
991
991
991
991
991
991
991
991
991
991
991
991
991
991
991
991
991
991
991
991
991
991
991
991
991
991
991
5
Generation 84 finished. 
             Best fitness (genepool[0]) was 62. 
             Best fitness (scoreMax) was 62. 
             Mean fitness was 42.109375. 
            
4
99
991
991
991
991
991
991
991
991
991
991
991
991
991
991
991
991
991
991
991
991
991
991
991
991
991
991
991
991
991
991
991
991
991
991
991
991
991
991
991
991
991
991
991
991
991
991
991
991
991
991
991
991
991
991
991
991
991
991
991
991
991
991
991
991
5
Generation 85 finished. 
             Best fitness (genepool[0]) was 58. 
             Best fitness (scoreMax) was 58. 
             Mean fitness was 40.5625. 
            
4
99
991
991
991
991
991
991
991
991
991
991
991
991
991
991
991
991
991
991
991
991
991
991
991
991
991
991
991
991
991
991
991
991
991
991
991
991
991
991
991
991
991
991
991
991
991
991
991
991
991
991
991
991
991
991
991
991
991
991
991
991
991
991
991
991
5
Generation 86 finished. 
             Best fitness (genepool[0]) was 76. 
             Best fitness (scoreMax) was 76. 
             Mean fitness was 42.421875. 
            
4
99
991
991
991
991
991
991
991
991
991
991
991
991
991
991
991
991
991
991
991
991
991
991
991
991
991
991
991
991
991
991
991
991
991
991
991
991
991
991
991
991
991
991
991
991
991
991
991
991
991
991
991
991
991
991
991
991
991
991
991
991
991
991
991
991
5
Generation 87 finished. 
             Best fitness (genepool[0]) was 62. 
             Best fitness (scoreMax) was 62. 
             Mean fitness was 43.9375. 
            
4
99
991
991
991
991
991
991
991
991
991
991
991
991
991
991
991
991
991
991
991
991
991
991
991
991
991
991
991
991
991
991
991
991
991
991
991
991
991
991
991
991
991
991
991
991
991
991
991
991
991
991
991
991
991
991
991
991
991
991
991
991
991
991
991
991
5
Generation 88 finished. 
             Best fitness (genepool[0]) was 62. 
             Best fitness (scoreMax) was 62. 
             Mean fitness was 43.859375. 
            
4
99
991
991
991
991
991
991
991
991
991
991
991
991
991
991
991
991
991
991
991
991
991
991
991
991
991
991
991
991
991
991
991
991
991
991
991
991
991
991
991
991
991
991
991
991
991
991
991
991
991
991
991
991
991
991
991
991
991
991
991
991
991
991
991
991
5
Generation 89 finished. 
             Best fitness (genepool[0]) was 76. 
             Best fitness (scoreMax) was 76. 
             Mean fitness was 44.578125. 
            
4
99
991
991
991
991
991
991
991
991
991
991
991
991
991
991
991
991
991
991
991
991
991
991
991
991
991
991
991
991
991
991
991
991
991
991
991
991
991
991
991
991
991
991
991
991
991
991
991
991
991
991
991
991
991
991
991
991
991
991
991
991
991
991
991
991
5
Generation 90 finished. 
             Best fitness (genepool[0]) was 72. 
             Best fitness (scoreMax) was 72. 
             Mean fitness was 45.96875. 
            
4
99
991
991
991
991
991
991
991
991
991
991
991
991
991
991
991
991
991
991
991
991
991
991
991
991
991
991
991
991
991
991
991
991
991
991
991
991
991
991
991
991
991
991
991
991
991
991
991
991
991
991
991
991
991
991
991
991
991
991
991
991
991
991
991
991
5
Generation 91 finished. 
             Best fitness (genepool[0]) was 58. 
             Best fitness (scoreMax) was 58. 
             Mean fitness was 40.375. 
            
4
99
991
991
991
991
991
991
991
991
991
991
991
991
991
991
991
991
991
991
991
991
991
991
991
991
991
991
991
991
991
991
991
991
991
991
991
991
991
991
991
991
991
991
991
991
991
991
991
991
991
991
991
991
991
991
991
991
991
991
991
991
991
991
991
991
5
Generation 92 finished. 
             Best fitness (genepool[0]) was 71. 
             Best fitness (scoreMax) was 71. 
             Mean fitness was 44.328125. 
            
4
99
991
991
991
991
991
991
991
991
991
991
991
991
991
991
991
991
991
991
991
991
991
991
991
991
991
991
991
991
991
991
991
991
991
991
991
991
991
991
991
991
991
991
991
991
991
991
991
991
991
991
991
991
991
991
991
991
991
991
991
991
991
991
991
991
5
Generation 93 finished. 
             Best fitness (genepool[0]) was 64. 
             Best fitness (scoreMax) was 64. 
             Mean fitness was 44.03125. 
            
4
99
991
991
991
991
991
991
991
991
991
991
991
991
991
991
991
991
991
991
991
991
991
991
991
991
991
991
991
991
991
991
991
991
991
991
991
991
991
991
991
991
991
991
991
991
991
991
991
991
991
991
991
991
991
991
991
991
991
991
991
991
991
991
991
991
5
Generation 94 finished. 
             Best fitness (genepool[0]) was 69. 
             Best fitness (scoreMax) was 69. 
             Mean fitness was 43.40625. 
            
4
99
991
991
991
991
991
991
991
991
991
991
991
991
991
991
991
991
991
991
991
991
991
991
991
991
991
991
991
991
991
991
991
991
991
991
991
991
991
991
991
991
991
991
991
991
991
991
991
991
991
991
991
991
991
991
991
991
991
991
991
991
991
991
991
991
5
Generation 95 finished. 
             Best fitness (genepool[0]) was 65. 
             Best fitness (scoreMax) was 65. 
             Mean fitness was 41.984375. 
            
4
99
991
991
991
991
991
991
991
991
991
991
991
991
991
991
991
991
991
991
991
991
991
991
991
991
991
991
991
991
991
991
991
991
991
991
991
991
991
991
991
991
991
991
991
991
991
991
991
991
991
991
991
991
991
991
991
991
991
991
991
991
991
991
991
991
5
Generation 96 finished. 
             Best fitness (genepool[0]) was 75. 
             Best fitness (scoreMax) was 75. 
             Mean fitness was 43.171875. 
            
4
99
991
991
991
991
991
991
991
991
991
991
991
991
991
991
991
991
991
991
991
991
991
991
991
991
991
991
991
991
991
991
991
991
991
991
991
991
991
991
991
991
991
991
991
991
991
991
991
991
991
991
991
991
991
991
991
991
991
991
991
991
991
991
991
991
5
Generation 97 finished. 
             Best fitness (genepool[0]) was 66. 
             Best fitness (scoreMax) was 66. 
             Mean fitness was 41.65625. 
            
4
99
991
991
991
991
991
991
991
991
991
991
991
991
991
991
991
991
991
991
991
991
991
991
991
991
991
991
991
991
991
991
991
991
991
991
991
991
991
991
991
991
991
991
991
991
991
991
991
991
991
991
991
991
991
991
991
991
991
991
991
991
991
991
991
991
5
Generation 98 finished. 
             Best fitness (genepool[0]) was 68. 
             Best fitness (scoreMax) was 68. 
             Mean fitness was 41.140625. 
            
4
99
991
991
991
991
991
991
991
991
991
991
991
991
991
991
991
991
991
991
991
991
991
991
991
991
991
991
991
991
991
991
991
991
991
991
991
991
991
991
991
991
991
991
991
991
991
991
991
991
991
991
991
991
991
991
991
991
991
991
991
991
991
991
991
991
5
Generation 99 finished. 
             Best fitness (genepool[0]) was 61. 
             Best fitness (scoreMax) was 61. 
             Mean fitness was 41.640625. 
            
6
100 generations with 64 animats took 12 days, 19:20:27.731067
Plotting mem.pot. and spiketrain of animat with best solution.
